Determining if the pthread_create exist failed with the following output:
Change Dir: /home/amy/Desktop/outdoorAGV/build/CMakeFiles/CMakeTmp

Run Build Command:"/usr/bin/make" "cmTC_23467/fast"
/usr/bin/make -f CMakeFiles/cmTC_23467.dir/build.make CMakeFiles/cmTC_23467.dir/build
make[1]: Entering directory '/home/amy/Desktop/outdoorAGV/build/CMakeFiles/CMakeTmp'
Building C object CMakeFiles/cmTC_23467.dir/CheckSymbolExists.c.o
/usr/bin/cc    -o CMakeFiles/cmTC_23467.dir/CheckSymbolExists.c.o   -c /home/amy/Desktop/outdoorAGV/build/CMakeFiles/CMakeTmp/CheckSymbolExists.c
Linking C executable cmTC_23467
/usr/bin/cmake -E cmake_link_script CMakeFiles/cmTC_23467.dir/link.txt --verbose=1
/usr/bin/cc      -rdynamic CMakeFiles/cmTC_23467.dir/CheckSymbolExists.c.o  -o cmTC_23467 
CMakeFiles/cmTC_23467.dir/CheckSymbolExists.c.o: In function `main':
CheckSymbolExists.c:(.text+0x1b): undefined reference to `pthread_create'
collect2: error: ld returned 1 exit status
CMakeFiles/cmTC_23467.dir/build.make:97: recipe for target 'cmTC_23467' failed
make[1]: *** [cmTC_23467] Error 1
make[1]: Leaving directory '/home/amy/Desktop/outdoorAGV/build/CMakeFiles/CMakeTmp'
Makefile:126: recipe for target 'cmTC_23467/fast' failed
make: *** [cmTC_23467/fast] Error 2

File /home/amy/Desktop/outdoorAGV/build/CMakeFiles/CMakeTmp/CheckSymbolExists.c:
/* */
#include <pthread.h>

int main(int argc, char** argv)
{
  (void)argv;
#ifndef pthread_create
  return ((int*)(&pthread_create))[argc];
#else
  (void)argc;
  return 0;
#endif
}

Determining if the function pthread_create exists in the pthreads failed with the following output:
Change Dir: /home/amy/Desktop/outdoorAGV/build/CMakeFiles/CMakeTmp

Run Build Command:"/usr/bin/make" "cmTC_4c61e/fast"
/usr/bin/make -f CMakeFiles/cmTC_4c61e.dir/build.make CMakeFiles/cmTC_4c61e.dir/build
make[1]: Entering directory '/home/amy/Desktop/outdoorAGV/build/CMakeFiles/CMakeTmp'
Building C object CMakeFiles/cmTC_4c61e.dir/CheckFunctionExists.c.o
/usr/bin/cc   -DCHECK_FUNCTION_EXISTS=pthread_create   -o CMakeFiles/cmTC_4c61e.dir/CheckFunctionExists.c.o   -c /usr/share/cmake-3.10/Modules/CheckFunctionExists.c
Linking C executable cmTC_4c61e
/usr/bin/cmake -E cmake_link_script CMakeFiles/cmTC_4c61e.dir/link.txt --verbose=1
/usr/bin/cc  -DCHECK_FUNCTION_EXISTS=pthread_create    -rdynamic CMakeFiles/cmTC_4c61e.dir/CheckFunctionExists.c.o  -o cmTC_4c61e -lpthreads 
/usr/bin/ld: cannot find -lpthreads
collect2: error: ld returned 1 exit status
CMakeFiles/cmTC_4c61e.dir/build.make:97: recipe for target 'cmTC_4c61e' failed
make[1]: *** [cmTC_4c61e] Error 1
make[1]: Leaving directory '/home/amy/Desktop/outdoorAGV/build/CMakeFiles/CMakeTmp'
Makefile:126: recipe for target 'cmTC_4c61e/fast' failed
make: *** [cmTC_4c61e/fast] Error 2


Determining if the Q_WS_WIN exist failed with the following output:
Change Dir: /home/amy/Desktop/outdoorAGV/build/CMakeFiles/CMakeTmp

Run Build Command:"/usr/bin/make" "cmTC_f6b0b/fast"
/usr/bin/make -f CMakeFiles/cmTC_f6b0b.dir/build.make CMakeFiles/cmTC_f6b0b.dir/build
make[1]: Entering directory '/home/amy/Desktop/outdoorAGV/build/CMakeFiles/CMakeTmp'
Building CXX object CMakeFiles/cmTC_f6b0b.dir/CheckSymbolExists.cxx.o
/usr/bin/c++   -I/usr/include/qt4   -o CMakeFiles/cmTC_f6b0b.dir/CheckSymbolExists.cxx.o -c /home/amy/Desktop/outdoorAGV/build/CMakeFiles/CMakeTmp/CheckSymbolExists.cxx
/home/amy/Desktop/outdoorAGV/build/CMakeFiles/CMakeTmp/CheckSymbolExists.cxx: In function ‘int main(int, char**)’:
/home/amy/Desktop/outdoorAGV/build/CMakeFiles/CMakeTmp/CheckSymbolExists.cxx:8:19: error: ‘Q_WS_WIN’ was not declared in this scope
   return ((int*)(&Q_WS_WIN))[argc];
                   ^~~~~~~~
/home/amy/Desktop/outdoorAGV/build/CMakeFiles/CMakeTmp/CheckSymbolExists.cxx:8:19: note: suggested alternative: ‘Q_WS_X11’
   return ((int*)(&Q_WS_WIN))[argc];
                   ^~~~~~~~
                   Q_WS_X11
CMakeFiles/cmTC_f6b0b.dir/build.make:65: recipe for target 'CMakeFiles/cmTC_f6b0b.dir/CheckSymbolExists.cxx.o' failed
make[1]: *** [CMakeFiles/cmTC_f6b0b.dir/CheckSymbolExists.cxx.o] Error 1
make[1]: Leaving directory '/home/amy/Desktop/outdoorAGV/build/CMakeFiles/CMakeTmp'
Makefile:126: recipe for target 'cmTC_f6b0b/fast' failed
make: *** [cmTC_f6b0b/fast] Error 2

File /home/amy/Desktop/outdoorAGV/build/CMakeFiles/CMakeTmp/CheckSymbolExists.cxx:
/* */
#include <QtCore/qglobal.h>

int main(int argc, char** argv)
{
  (void)argv;
#ifndef Q_WS_WIN
  return ((int*)(&Q_WS_WIN))[argc];
#else
  (void)argc;
  return 0;
#endif
}

Determining if the Q_WS_QWS exist failed with the following output:
Change Dir: /home/amy/Desktop/outdoorAGV/build/CMakeFiles/CMakeTmp

Run Build Command:"/usr/bin/make" "cmTC_749cc/fast"
/usr/bin/make -f CMakeFiles/cmTC_749cc.dir/build.make CMakeFiles/cmTC_749cc.dir/build
make[1]: Entering directory '/home/amy/Desktop/outdoorAGV/build/CMakeFiles/CMakeTmp'
Building CXX object CMakeFiles/cmTC_749cc.dir/CheckSymbolExists.cxx.o
/usr/bin/c++   -I/usr/include/qt4   -o CMakeFiles/cmTC_749cc.dir/CheckSymbolExists.cxx.o -c /home/amy/Desktop/outdoorAGV/build/CMakeFiles/CMakeTmp/CheckSymbolExists.cxx
/home/amy/Desktop/outdoorAGV/build/CMakeFiles/CMakeTmp/CheckSymbolExists.cxx: In function ‘int main(int, char**)’:
/home/amy/Desktop/outdoorAGV/build/CMakeFiles/CMakeTmp/CheckSymbolExists.cxx:8:19: error: ‘Q_WS_QWS’ was not declared in this scope
   return ((int*)(&Q_WS_QWS))[argc];
                   ^~~~~~~~
/home/amy/Desktop/outdoorAGV/build/CMakeFiles/CMakeTmp/CheckSymbolExists.cxx:8:19: note: suggested alternative: ‘Q_WS_X11’
   return ((int*)(&Q_WS_QWS))[argc];
                   ^~~~~~~~
                   Q_WS_X11
CMakeFiles/cmTC_749cc.dir/build.make:65: recipe for target 'CMakeFiles/cmTC_749cc.dir/CheckSymbolExists.cxx.o' failed
make[1]: *** [CMakeFiles/cmTC_749cc.dir/CheckSymbolExists.cxx.o] Error 1
make[1]: Leaving directory '/home/amy/Desktop/outdoorAGV/build/CMakeFiles/CMakeTmp'
Makefile:126: recipe for target 'cmTC_749cc/fast' failed
make: *** [cmTC_749cc/fast] Error 2

File /home/amy/Desktop/outdoorAGV/build/CMakeFiles/CMakeTmp/CheckSymbolExists.cxx:
/* */
#include <QtCore/qglobal.h>

int main(int argc, char** argv)
{
  (void)argv;
#ifndef Q_WS_QWS
  return ((int*)(&Q_WS_QWS))[argc];
#else
  (void)argc;
  return 0;
#endif
}

Determining if the Q_WS_MAC exist failed with the following output:
Change Dir: /home/amy/Desktop/outdoorAGV/build/CMakeFiles/CMakeTmp

Run Build Command:"/usr/bin/make" "cmTC_c5dee/fast"
/usr/bin/make -f CMakeFiles/cmTC_c5dee.dir/build.make CMakeFiles/cmTC_c5dee.dir/build
make[1]: Entering directory '/home/amy/Desktop/outdoorAGV/build/CMakeFiles/CMakeTmp'
Building CXX object CMakeFiles/cmTC_c5dee.dir/CheckSymbolExists.cxx.o
/usr/bin/c++   -I/usr/include/qt4   -o CMakeFiles/cmTC_c5dee.dir/CheckSymbolExists.cxx.o -c /home/amy/Desktop/outdoorAGV/build/CMakeFiles/CMakeTmp/CheckSymbolExists.cxx
/home/amy/Desktop/outdoorAGV/build/CMakeFiles/CMakeTmp/CheckSymbolExists.cxx: In function ‘int main(int, char**)’:
/home/amy/Desktop/outdoorAGV/build/CMakeFiles/CMakeTmp/CheckSymbolExists.cxx:8:19: error: ‘Q_WS_MAC’ was not declared in this scope
   return ((int*)(&Q_WS_MAC))[argc];
                   ^~~~~~~~
/home/amy/Desktop/outdoorAGV/build/CMakeFiles/CMakeTmp/CheckSymbolExists.cxx:8:19: note: suggested alternative: ‘Q_WS_X11’
   return ((int*)(&Q_WS_MAC))[argc];
                   ^~~~~~~~
                   Q_WS_X11
CMakeFiles/cmTC_c5dee.dir/build.make:65: recipe for target 'CMakeFiles/cmTC_c5dee.dir/CheckSymbolExists.cxx.o' failed
make[1]: *** [CMakeFiles/cmTC_c5dee.dir/CheckSymbolExists.cxx.o] Error 1
make[1]: Leaving directory '/home/amy/Desktop/outdoorAGV/build/CMakeFiles/CMakeTmp'
Makefile:126: recipe for target 'cmTC_c5dee/fast' failed
make: *** [cmTC_c5dee/fast] Error 2

File /home/amy/Desktop/outdoorAGV/build/CMakeFiles/CMakeTmp/CheckSymbolExists.cxx:
/* */
#include <QtCore/qglobal.h>

int main(int argc, char** argv)
{
  (void)argv;
#ifndef Q_WS_MAC
  return ((int*)(&Q_WS_MAC))[argc];
#else
  (void)argc;
  return 0;
#endif
}

